# JRE version: OpenJDK Runtime Environment Temurin-17.0.7+7 (17.0.7+7) (build 17.0.7+7)
# Java VM: OpenJDK 64-Bit Server VM Temurin-17.0.7+7 (17.0.7+7, mixed mode, tiered, compressed oops, compressed class ptrs, g1 gc, windows-amd64)
GC Precious Log:
 CPUs: 8 total, 8 available
 Memory: 7971M
 Large Page Support: Disabled
 NUMA Support: Disabled
 Compressed Oops: Enabled (32-bit)
 Heap Region Size: 1M
 Heap Min Capacity: 8M
 Heap Initial Capacity: 126M
 Heap Max Capacity: 2G
 Pre-touch: Disabled
 Parallel Workers: 8
 Concurrent Workers: 2
 Concurrent Refinement Workers: 8
 Periodic GC: Disabled
Heap:
 garbage-first heap   total 95232K, used 61014K [0x0000000080000000, 0x0000000100000000)
  region size 1024K, 35 young (35840K), 6 survivors (6144K)
 Metaspace       used 40245K, committed 40768K, reserved 1114112K
  class space    used 4443K, committed 4672K, reserved 1048576K
GC Heap History (20 events):
Event: 2.718 GC heap before
{Heap before GC invocations=1 (full 0):
 garbage-first heap   total 129024K, used 35883K [0x0000000080000000, 0x0000000100000000)
  region size 1024K, 25 young (25600K), 3 survivors (3072K)
 Metaspace       used 12059K, committed 12288K, reserved 1114112K
  class space    used 1023K, committed 1152K, reserved 1048576K
}
Event: 2.724 GC heap after
{Heap after GC invocations=2 (full 0):
 garbage-first heap   total 129024K, used 16854K [0x0000000080000000, 0x0000000100000000)
  region size 1024K, 3 young (3072K), 3 survivors (3072K)
 Metaspace       used 12059K, committed 12288K, reserved 1114112K
  class space    used 1023K, committed 1152K, reserved 1048576K
}
Event: 3.679 GC heap before
{Heap before GC invocations=2 (full 0):
 garbage-first heap   total 129024K, used 59862K [0x0000000080000000, 0x0000000100000000)
  region size 1024K, 43 young (44032K), 3 survivors (3072K)
 Metaspace       used 17791K, committed 18048K, reserved 1114112K
  class space    used 1670K, committed 1792K, reserved 1048576K
}
Event: 3.685 GC heap after
{Heap after GC invocations=3 (full 0):
 garbage-first heap   total 129024K, used 22182K [0x0000000080000000, 0x0000000100000000)
  region size 1024K, 6 young (6144K), 6 survivors (6144K)
 Metaspace       used 17791K, committed 18048K, reserved 1114112K
  class space    used 1670K, committed 1792K, reserved 1048576K
}
Event: 4.289 GC heap before
{Heap before GC invocations=3 (full 0):
 garbage-first heap   total 129024K, used 44710K [0x0000000080000000, 0x0000000100000000)
  region size 1024K, 29 young (29696K), 6 survivors (6144K)
 Metaspace       used 21314K, committed 21504K, reserved 1114112K
  class space    used 2234K, committed 2304K, reserved 1048576K
}
Event: 4.296 GC heap after
{Heap after GC invocations=4 (full 0):
 garbage-first heap   total 129024K, used 21442K [0x0000000080000000, 0x0000000100000000)
  region size 1024K, 5 young (5120K), 5 survivors (5120K)
 Metaspace       used 21314K, committed 21504K, reserved 1114112K
  class space    used 2234K, committed 2304K, reserved 1048576K
}
Event: 4.539 GC heap before
{Heap before GC invocations=5 (full 0):
 garbage-first heap   total 78848K, used 62402K [0x0000000080000000, 0x0000000100000000)
  region size 1024K, 46 young (47104K), 5 survivors (5120K)
 Metaspace       used 22093K, committed 22336K, reserved 1114112K
  class space    used 2310K, committed 2432K, reserved 1048576K
}
Event: 4.547 GC heap after
{Heap after GC invocations=6 (full 0):
 garbage-first heap   total 78848K, used 22353K [0x0000000080000000, 0x0000000100000000)
  region size 1024K, 6 young (6144K), 6 survivors (6144K)
 Metaspace       used 22093K, committed 22336K, reserved 1114112K
  class space    used 2310K, committed 2432K, reserved 1048576K
}
Event: 5.075 GC heap before
{Heap before GC invocations=6 (full 0):
 garbage-first heap   total 78848K, used 56145K [0x0000000080000000, 0x0000000100000000)
  region size 1024K, 39 young (39936K), 6 survivors (6144K)
 Metaspace       used 26007K, committed 26304K, reserved 1114112K
  class space    used 2721K, committed 2880K, reserved 1048576K
}
Event: 5.084 GC heap after
{Heap after GC invocations=7 (full 0):
 garbage-first heap   total 78848K, used 25124K [0x0000000080000000, 0x0000000100000000)
  region size 1024K, 5 young (5120K), 5 survivors (5120K)
 Metaspace       used 26007K, committed 26304K, reserved 1114112K
  class space    used 2721K, committed 2880K, reserved 1048576K
}
Event: 5.695 GC heap before
{Heap before GC invocations=7 (full 0):
 garbage-first heap   total 78848K, used 56868K [0x0000000080000000, 0x0000000100000000)
  region size 1024K, 36 young (36864K), 5 survivors (5120K)
 Metaspace       used 30546K, committed 30912K, reserved 1114112K
  class space    used 3269K, committed 3456K, reserved 1048576K
}
Event: 5.705 GC heap after
{Heap after GC invocations=8 (full 0):
 garbage-first heap   total 78848K, used 27234K [0x0000000080000000, 0x0000000100000000)
  region size 1024K, 3 young (3072K), 3 survivors (3072K)
 Metaspace       used 30546K, committed 30912K, reserved 1114112K
  class space    used 3269K, committed 3456K, reserved 1048576K
}
Event: 5.826 GC heap before
{Heap before GC invocations=8 (full 0):
 garbage-first heap   total 78848K, used 61026K [0x0000000080000000, 0x0000000100000000)
  region size 1024K, 33 young (33792K), 3 survivors (3072K)
 Metaspace       used 31684K, committed 32064K, reserved 1114112K
  class space    used 3344K, committed 3520K, reserved 1048576K
}
Event: 5.830 GC heap after
{Heap after GC invocations=9 (full 0):
 garbage-first heap   total 95232K, used 27613K [0x0000000080000000, 0x0000000100000000)
  region size 1024K, 3 young (3072K), 3 survivors (3072K)
 Metaspace       used 31684K, committed 32064K, reserved 1114112K
  class space    used 3344K, committed 3520K, reserved 1048576K
}
Event: 6.252 GC heap before
{Heap before GC invocations=9 (full 0):
 garbage-first heap   total 95232K, used 70621K [0x0000000080000000, 0x0000000100000000)
  region size 1024K, 45 young (46080K), 3 survivors (3072K)
 Metaspace       used 33715K, committed 34112K, reserved 1114112K
  class space    used 3575K, committed 3776K, reserved 1048576K
}
Event: 6.257 GC heap after
{Heap after GC invocations=10 (full 0):
 garbage-first heap   total 95232K, used 28580K [0x0000000080000000, 0x0000000100000000)
  region size 1024K, 4 young (4096K), 4 survivors (4096K)
 Metaspace       used 33715K, committed 34112K, reserved 1114112K
  class space    used 3575K, committed 3776K, reserved 1048576K
}
Event: 6.625 GC heap before
{Heap before GC invocations=10 (full 0):
 garbage-first heap   total 95232K, used 73636K [0x0000000080000000, 0x0000000100000000)
  region size 1024K, 48 young (49152K), 4 survivors (4096K)
 Metaspace       used 34156K, committed 34560K, reserved 1114112K
  class space    used 3608K, committed 3776K, reserved 1048576K
}
Event: 6.632 GC heap after
{Heap after GC invocations=11 (full 0):
 garbage-first heap   total 95232K, used 29983K [0x0000000080000000, 0x0000000100000000)
  region size 1024K, 3 young (3072K), 3 survivors (3072K)
 Metaspace       used 34156K, committed 34560K, reserved 1114112K
  class space    used 3608K, committed 3776K, reserved 1048576K
}
Event: 7.011 GC heap before
{Heap before GC invocations=11 (full 0):
 garbage-first heap   total 95232K, used 59679K [0x0000000080000000, 0x0000000100000000)
  region size 1024K, 33 young (33792K), 3 survivors (3072K)
 Metaspace       used 35554K, committed 35968K, reserved 1114112K
  class space    used 3817K, committed 4032K, reserved 1048576K
}
Event: 7.022 GC heap after
{Heap after GC invocations=12 (full 0):
 garbage-first heap   total 95232K, used 32342K [0x0000000080000000, 0x0000000100000000)
  region size 1024K, 6 young (6144K), 6 survivors (6144K)
 Metaspace       used 35554K, committed 35968K, reserved 1114112K
  class space    used 3817K, committed 4032K, reserved 1048576K
}

